This file contains any messages produced by compilers while
running configure, to aid debugging if configure makes a mistake.

It was created by guess configure 1.0, which was
generated by GNU Autoconf 2.71.  Invocation command line was

  $ ./configure

## --------- ##
## Platform. ##
## --------- ##

hostname = evalyzy-VMware-Virtual-Platform
uname -m = x86_64
uname -r = 6.14.0-33-generic
uname -s = Linux
uname -v = #33~24.04.1-Ubuntu SMP PREEMPT_DYNAMIC Fri Sep 19 17:02:30 UTC 2

/usr/bin/uname -p = x86_64
/bin/uname -X     = unknown

/bin/arch              = x86_64
/usr/bin/arch -k       = unknown
/usr/convex/getsysinfo = unknown
/usr/bin/hostinfo      = unknown
/bin/machine           = unknown
/usr/bin/oslevel       = unknown
/bin/universe          = unknown

PATH: /usr/local/sbin/
PATH: /usr/local/bin/
PATH: /usr/sbin/
PATH: /usr/bin/
PATH: /sbin/
PATH: /bin/
PATH: /usr/games/
PATH: /usr/local/games/
PATH: /snap/bin/
PATH: /snap/bin/


## ----------- ##
## Core tests. ##
## ----------- ##

configure:2280: looking for aux files: config.guess config.sub config.rpath compile missing install-sh
configure:2293:  trying ./
configure:2322:   ./config.guess found
configure:2322:   ./config.sub found
configure:2322:   ./config.rpath found
configure:2322:   ./compile found
configure:2322:   ./missing found
configure:2304:   ./install-sh found
configure:2451: checking for a BSD-compatible install
configure:2524: result: /usr/bin/install -c
configure:2535: checking whether build environment is sane
configure:2590: result: yes
configure:2749: checking for a race-free mkdir -p
configure:2793: result: /usr/bin/mkdir -p
configure:2800: checking for gawk
configure:2835: result: no
configure:2800: checking for mawk
configure:2821: found /usr/bin/mawk
configure:2832: result: mawk
configure:2843: checking whether make sets $(MAKE)
configure:2866: result: yes
configure:2896: checking whether make supports nested variables
configure:2914: result: yes
configure:3117: checking for gcc
configure:3138: found /usr/bin/gcc
configure:3149: result: gcc
configure:3502: checking for C compiler version
configure:3511: gcc --version >&5
gcc (Ubuntu 13.3.0-6ubuntu2~24.04) 13.3.0
Copyright (C) 2023 Free Software Foundation, Inc.
This is free software; see the source for copying conditions.  There is NO
warranty; not even for MERCHANTABILITY or FITNESS FOR A PARTICULAR PURPOSE.

configure:3522: $? = 0
configure:3511: gcc -v >&5
Using built-in specs.
COLLECT_GCC=gcc
COLLECT_LTO_WRAPPER=/usr/libexec/gcc/x86_64-linux-gnu/13/lto-wrapper
OFFLOAD_TARGET_NAMES=nvptx-none:amdgcn-amdhsa
OFFLOAD_TARGET_DEFAULT=1
Target: x86_64-linux-gnu
Configured with: ../src/configure -v --with-pkgversion='Ubuntu 13.3.0-6ubuntu2~24.04' --with-bugurl=file:///usr/share/doc/gcc-13/README.Bugs --enable-languages=c,ada,c++,go,d,fortran,objc,obj-c++,m2 --prefix=/usr --with-gcc-major-version-only --program-suffix=-13 --program-prefix=x86_64-linux-gnu- --enable-shared --enable-linker-build-id --libexecdir=/usr/libexec --without-included-gettext --enable-threads=posix --libdir=/usr/lib --enable-nls --enable-bootstrap --enable-clocale=gnu --enable-libstdcxx-debug --enable-libstdcxx-time=yes --with-default-libstdcxx-abi=new --enable-libstdcxx-backtrace --enable-gnu-unique-object --disable-vtable-verify --enable-plugin --enable-default-pie --with-system-zlib --enable-libphobos-checking=release --with-target-system-zlib=auto --enable-objc-gc=auto --enable-multiarch --disable-werror --enable-cet --with-arch-32=i686 --with-abi=m64 --with-multilib-list=m32,m64,mx32 --enable-multilib --with-tune=generic --enable-offload-targets=nvptx-none=/build/gcc-13-fG75Ri/gcc-13-13.3.0/debian/tmp-nvptx/usr,amdgcn-amdhsa=/build/gcc-13-fG75Ri/gcc-13-13.3.0/debian/tmp-gcn/usr --enable-offload-defaulted --without-cuda-driver --enable-checking=release --build=x86_64-linux-gnu --host=x86_64-linux-gnu --target=x86_64-linux-gnu --with-build-config=bootstrap-lto-lean --enable-link-serialization=2
Thread model: posix
Supported LTO compression algorithms: zlib zstd
gcc version 13.3.0 (Ubuntu 13.3.0-6ubuntu2~24.04) 
... rest of stderr output deleted ...
configure:3522: $? = 0
configure:3511: gcc -V >&5
gcc: error: unrecognized command-line option '-V'
gcc: fatal error: no input files
compilation terminated.
configure:3522: $? = 1
configure:3511: gcc -qversion >&5
gcc: error: unrecognized command-line option '-qversion'; did you mean '--version'?
gcc: fatal error: no input files
compilation terminated.
configure:3522: $? = 1
configure:3511: gcc -version >&5
gcc: error: unrecognized command-line option '-version'
gcc: fatal error: no input files
compilation terminated.
configure:3522: $? = 1
configure:3542: checking whether the C compiler works
configure:3564: gcc    conftest.c  >&5
configure:3568: $? = 0
configure:3618: result: yes
configure:3621: checking for C compiler default output file name
configure:3623: result: a.out
configure:3629: checking for suffix of executables
configure:3636: gcc -o conftest    conftest.c  >&5
configure:3640: $? = 0
configure:3663: result: 
configure:3685: checking whether we are cross compiling
configure:3693: gcc -o conftest    conftest.c  >&5
configure:3697: $? = 0
configure:3704: ./conftest
configure:3708: $? = 0
configure:3723: result: no
configure:3728: checking for suffix of object files
configure:3751: gcc -c   conftest.c >&5
configure:3755: $? = 0
configure:3777: result: o
configure:3781: checking whether the compiler supports GNU C
configure:3801: gcc -c   conftest.c >&5
configure:3801: $? = 0
configure:3811: result: yes
configure:3822: checking whether gcc accepts -g
configure:3843: gcc -c -g  conftest.c >&5
configure:3843: $? = 0
configure:3887: result: yes
configure:3907: checking for gcc option to enable C11 features
configure:3922: gcc  -c -g -O2  conftest.c >&5
configure:3922: $? = 0
configure:3940: result: none needed
configure:4056: checking whether gcc understands -c and -o together
configure:4079: gcc -c conftest.c -o conftest2.o
configure:4082: $? = 0
configure:4079: gcc -c conftest.c -o conftest2.o
configure:4082: $? = 0
configure:4094: result: yes
configure:4114: checking whether make supports the include directive
configure:4129: make -f confmf.GNU && cat confinc.out
this is the am__doit target
configure:4132: $? = 0
configure:4151: result: yes (GNU style)
configure:4177: checking dependency style of gcc
configure:4289: result: gcc3
configure:4306: checking for a sed that does not truncate output
configure:4376: result: /usr/bin/sed
configure:4382: checking whether NLS is requested
configure:4392: result: yes
configure:4432: checking for msgfmt
configure: trying /usr/bin/msgfmt...
0 translated messages.
configure:4465: result: /usr/bin/msgfmt
configure:4474: checking for gmsgfmt
configure:4510: result: /usr/bin/msgfmt
configure:4555: checking for xgettext
configure: trying /usr/bin/xgettext...
/usr/bin/xgettext: warning: file '/dev/null' extension '' is unknown; will try C
configure:4588: result: /usr/bin/xgettext
configure:4633: checking for msgmerge
configure: trying /usr/bin/msgmerge...
configure:4665: result: /usr/bin/msgmerge
configure:4712: checking build system type
configure:4727: result: x86_64-pc-linux-gnu
configure:4747: checking host system type
configure:4761: result: x86_64-pc-linux-gnu
configure:4809: checking for ld used by gcc
configure:4937: result: /usr/bin/ld
configure:4944: checking if the linker (/usr/bin/ld) is GNU ld
configure:4960: result: yes
configure:4968: checking for shared library run path origin
configure:4982: result: done
configure:5004: checking 32-bit host C ABI
configure:5071: gcc -c -g -O2  conftest.c >&5
configure:5071: $? = 0
configure:5267: result: no
configure:5277: checking how to run the C preprocessor
configure:5303: gcc -E  conftest.c
configure:5303: $? = 0
configure:5318: gcc -E  conftest.c
conftest.c:11:10: fatal error: ac_nonexistent.h: No such file or directory
   11 | #include <ac_nonexistent.h>
      |          ^~~~~~~~~~~~~~~~~~
compilation terminated.
configure:5318: $? = 1
configure: failed program was:
| /* confdefs.h */
| #define PACKAGE_NAME "guess"
| #define PACKAGE_TARNAME "guess"
| #define PACKAGE_VERSION "1.0"
| #define PACKAGE_STRING "guess 1.0"
| #define PACKAGE_BUGREPORT "user@localhost"
| #define PACKAGE_URL ""
| #define PACKAGE "guess"
| #define VERSION "1.0"
| /* end confdefs.h.  */
| #include <ac_nonexistent.h>
configure:5345: result: gcc -E
configure:5359: gcc -E  conftest.c
configure:5359: $? = 0
configure:5374: gcc -E  conftest.c
conftest.c:11:10: fatal error: ac_nonexistent.h: No such file or directory
   11 | #include <ac_nonexistent.h>
      |          ^~~~~~~~~~~~~~~~~~
compilation terminated.
configure:5374: $? = 1
configure: failed program was:
| /* confdefs.h */
| #define PACKAGE_NAME "guess"
| #define PACKAGE_TARNAME "guess"
| #define PACKAGE_VERSION "1.0"
| #define PACKAGE_STRING "guess 1.0"
| #define PACKAGE_BUGREPORT "user@localhost"
| #define PACKAGE_URL ""
| #define PACKAGE "guess"
| #define VERSION "1.0"
| /* end confdefs.h.  */
| #include <ac_nonexistent.h>
configure:5405: checking for grep that handles long lines and -e
configure:5469: result: /usr/bin/grep
configure:5474: checking for egrep
configure:5542: result: /usr/bin/grep -E
configure:5551: checking for ELF binary format
configure:5575: result: yes
configure:5624: checking for the common suffixes of directories in the library search path
configure:5693: result: lib,lib,lib64
configure:6211: checking for CFPreferencesCopyAppValue
configure:6230: gcc -o conftest -g -O2   conftest.c  -Wl,-framework -Wl,CoreFoundation >&5
conftest.c:11:10: fatal error: CoreFoundation/CFPreferences.h: No such file or directory
   11 | #include <CoreFoundation/CFPreferences.h>
      |          ^~~~~~~~~~~~~~~~~~~~~~~~~~~~~~~~
compilation terminated.
configure:6230: $? = 1
configure: failed program was:
| /* confdefs.h */
| #define PACKAGE_NAME "guess"
| #define PACKAGE_TARNAME "guess"
| #define PACKAGE_VERSION "1.0"
| #define PACKAGE_STRING "guess 1.0"
| #define PACKAGE_BUGREPORT "user@localhost"
| #define PACKAGE_URL ""
| #define PACKAGE "guess"
| #define VERSION "1.0"
| /* end confdefs.h.  */
| #include <CoreFoundation/CFPreferences.h>
| int
| main (void)
| {
| CFPreferencesCopyAppValue(NULL, NULL)
|   ;
|   return 0;
| }
configure:6240: result: no
configure:6247: checking for CFLocaleCopyPreferredLanguages
configure:6266: gcc -o conftest -g -O2   conftest.c  -Wl,-framework -Wl,CoreFoundation >&5
conftest.c:11:10: fatal error: CoreFoundation/CFLocale.h: No such file or directory
   11 | #include <CoreFoundation/CFLocale.h>
      |          ^~~~~~~~~~~~~~~~~~~~~~~~~~~
compilation terminated.
configure:6266: $? = 1
configure: failed program was:
| /* confdefs.h */
| #define PACKAGE_NAME "guess"
| #define PACKAGE_TARNAME "guess"
| #define PACKAGE_VERSION "1.0"
| #define PACKAGE_STRING "guess 1.0"
| #define PACKAGE_BUGREPORT "user@localhost"
| #define PACKAGE_URL ""
| #define PACKAGE "guess"
| #define VERSION "1.0"
| /* end confdefs.h.  */
| #include <CoreFoundation/CFLocale.h>
| int
| main (void)
| {
| CFLocaleCopyPreferredLanguages();
|   ;
|   return 0;
| }
configure:6276: result: no
configure:6326: checking for GNU gettext in libc
configure:6356: gcc -o conftest -g -O2   conftest.c  >&5
configure:6356: $? = 0
configure:6366: result: yes
configure:7257: checking whether to use NLS
configure:7259: result: yes
configure:7262: checking where the gettext function comes from
configure:7273: result: libc
configure:7445: checking that generated files are newer than configure
configure:7451: result: done
configure:7474: creating ./config.status

## ---------------------- ##
## Running config.status. ##
## ---------------------- ##

This file was extended by guess config.status 1.0, which was
generated by GNU Autoconf 2.71.  Invocation command line was

  CONFIG_FILES    = 
  CONFIG_HEADERS  = 
  CONFIG_LINKS    = 
  CONFIG_COMMANDS = 
  $ ./config.status 

on evalyzy-VMware-Virtual-Platform

config.status:877: creating Makefile
config.status:877: creating src/Makefile
config.status:877: creating po/Makefile.in
config.status:877: creating config.h
config.status:1058: config.h is unchanged
config.status:1106: executing depfiles commands
config.status:1183: cd src       && sed -e '/# am--include-marker/d' Makefile         | make -f - am--depfiles
make: Nothing to be done for 'am--depfiles'.
config.status:1188: $? = 0
config.status:1106: executing po-directories commands

## ---------------- ##
## Cache variables. ##
## ---------------- ##

ac_cv_build=x86_64-pc-linux-gnu
ac_cv_c_compiler_gnu=yes
ac_cv_env_CC_set=
ac_cv_env_CC_value=
ac_cv_env_CFLAGS_set=
ac_cv_env_CFLAGS_value=
ac_cv_env_CPPFLAGS_set=
ac_cv_env_CPPFLAGS_value=
ac_cv_env_CPP_set=
ac_cv_env_CPP_value=
ac_cv_env_LDFLAGS_set=
ac_cv_env_LDFLAGS_value=
ac_cv_env_LIBS_set=
ac_cv_env_LIBS_value=
ac_cv_env_build_alias_set=
ac_cv_env_build_alias_value=
ac_cv_env_host_alias_set=
ac_cv_env_host_alias_value=
ac_cv_env_target_alias_set=
ac_cv_env_target_alias_value=
ac_cv_host=x86_64-pc-linux-gnu
ac_cv_objext=o
ac_cv_path_EGREP='/usr/bin/grep -E'
ac_cv_path_GMSGFMT=/usr/bin/msgfmt
ac_cv_path_GREP=/usr/bin/grep
ac_cv_path_MSGFMT=/usr/bin/msgfmt
ac_cv_path_MSGMERGE=/usr/bin/msgmerge
ac_cv_path_SED=/usr/bin/sed
ac_cv_path_XGETTEXT=/usr/bin/xgettext
ac_cv_path_install='/usr/bin/install -c'
ac_cv_path_mkdir=/usr/bin/mkdir
ac_cv_prog_AWK=mawk
ac_cv_prog_CPP='gcc -E'
ac_cv_prog_ac_ct_CC=gcc
ac_cv_prog_cc_c11=
ac_cv_prog_cc_g=yes
ac_cv_prog_cc_stdc=
ac_cv_prog_make_make_set=yes
acl_cv_hardcode_direct=no
acl_cv_hardcode_libdir_flag_spec='${wl}-rpath ${wl}$libdir'
acl_cv_hardcode_libdir_separator=
acl_cv_hardcode_minus_L=no
acl_cv_libdirstems=lib,lib,lib64
acl_cv_libext=a
acl_cv_libname_spec='lib$name'
acl_cv_library_names_spec='$libname$shrext'
acl_cv_path_LD=/usr/bin/ld
acl_cv_prog_gnu_ld=yes
acl_cv_rpath=done
acl_cv_shlibext=so
acl_cv_wl=-Wl,
am_cv_CC_dependencies_compiler_type=gcc3
am_cv_make_support_nested_variables=yes
am_cv_prog_cc_c_o=yes
gl_cv_elf=yes
gl_cv_host_cpu_c_abi_32bit=no
gt_cv_func_CFLocaleCopyPreferredLanguages=no
gt_cv_func_CFPreferencesCopyAppValue=no
gt_cv_func_gnugettext1_libc=yes

## ----------------- ##
## Output variables. ##
## ----------------- ##

ACLOCAL='${SHELL} '\''/home/evalyzy/Linux/LinuxDev2025/08_I18n/missing'\'' aclocal-1.16'
AMDEPBACKSLASH='\'
AMDEP_FALSE='#'
AMDEP_TRUE=''
AMTAR='$${TAR-tar}'
AM_BACKSLASH='\'
AM_DEFAULT_V='$(AM_DEFAULT_VERBOSITY)'
AM_DEFAULT_VERBOSITY='1'
AM_V='$(V)'
AUTOCONF='${SHELL} '\''/home/evalyzy/Linux/LinuxDev2025/08_I18n/missing'\'' autoconf'
AUTOHEADER='${SHELL} '\''/home/evalyzy/Linux/LinuxDev2025/08_I18n/missing'\'' autoheader'
AUTOMAKE='${SHELL} '\''/home/evalyzy/Linux/LinuxDev2025/08_I18n/missing'\'' automake-1.16'
AWK='mawk'
CC='gcc'
CCDEPMODE='depmode=gcc3'
CFLAGS='-g -O2'
CPP='gcc -E'
CPPFLAGS=''
CSCOPE='cscope'
CTAGS='ctags'
CYGPATH_W='echo'
DEFS='-DHAVE_CONFIG_H'
DEPDIR='.deps'
ECHO_C=''
ECHO_N='-n'
ECHO_T=''
EGREP='/usr/bin/grep -E'
ETAGS='etags'
EXEEXT=''
GETTEXT_MACRO_VERSION='0.20'
GMSGFMT='/usr/bin/msgfmt'
GMSGFMT_015='/usr/bin/msgfmt'
GREP='/usr/bin/grep'
INSTALL_DATA='${INSTALL} -m 644'
INSTALL_PROGRAM='${INSTALL}'
INSTALL_SCRIPT='${INSTALL}'
INSTALL_STRIP_PROGRAM='$(install_sh) -c -s'
INTLLIBS=''
INTL_MACOSX_LIBS=''
LDFLAGS=''
LIBICONV='-liconv'
LIBINTL=''
LIBOBJS=''
LIBS=''
LTLIBICONV='-liconv'
LTLIBINTL=''
LTLIBOBJS=''
MAKEINFO='${SHELL} '\''/home/evalyzy/Linux/LinuxDev2025/08_I18n/missing'\'' makeinfo'
MKDIR_P='/usr/bin/mkdir -p'
MSGFMT='/usr/bin/msgfmt'
MSGMERGE='/usr/bin/msgmerge'
MSGMERGE_FOR_MSGFMT_OPTION='--for-msgfmt'
OBJEXT='o'
PACKAGE='guess'
PACKAGE_BUGREPORT='user@localhost'
PACKAGE_NAME='guess'
PACKAGE_STRING='guess 1.0'
PACKAGE_TARNAME='guess'
PACKAGE_URL=''
PACKAGE_VERSION='1.0'
PATH_SEPARATOR=':'
POSUB='po'
SED='/usr/bin/sed'
SET_MAKE=''
SHELL='/bin/bash'
STRIP=''
USE_NLS='yes'
VERSION='1.0'
XGETTEXT='/usr/bin/xgettext'
XGETTEXT_015='/usr/bin/xgettext'
XGETTEXT_EXTRA_OPTIONS=''
ac_ct_CC='gcc'
am__EXEEXT_FALSE=''
am__EXEEXT_TRUE='#'
am__fastdepCC_FALSE='#'
am__fastdepCC_TRUE=''
am__include='include'
am__isrc=''
am__leading_dot='.'
am__nodep='_no'
am__quote=''
am__tar='$${TAR-tar} chof - "$$tardir"'
am__untar='$${TAR-tar} xf -'
bindir='${exec_prefix}/bin'
build='x86_64-pc-linux-gnu'
build_alias=''
build_cpu='x86_64'
build_os='linux-gnu'
build_vendor='pc'
datadir='${datarootdir}'
datarootdir='${prefix}/share'
docdir='${datarootdir}/doc/${PACKAGE_TARNAME}'
dvidir='${docdir}'
exec_prefix='${prefix}'
host='x86_64-pc-linux-gnu'
host_alias=''
host_cpu='x86_64'
host_os='linux-gnu'
host_vendor='pc'
htmldir='${docdir}'
includedir='${prefix}/include'
infodir='${datarootdir}/info'
install_sh='${SHELL} /home/evalyzy/Linux/LinuxDev2025/08_I18n/install-sh'
libdir='${exec_prefix}/lib'
libexecdir='${exec_prefix}/libexec'
localedir='${datadir}/locale'
localstatedir='${prefix}/var'
mandir='${datarootdir}/man'
mkdir_p='$(MKDIR_P)'
oldincludedir='/usr/include'
pdfdir='${docdir}'
prefix='/usr/local'
program_transform_name='s,x,x,'
psdir='${docdir}'
runstatedir='${localstatedir}/run'
sbindir='${exec_prefix}/sbin'
sharedstatedir='${prefix}/com'
sysconfdir='${prefix}/etc'
target_alias=''

## ----------- ##
## confdefs.h. ##
## ----------- ##

/* confdefs.h */
#define PACKAGE_NAME "guess"
#define PACKAGE_TARNAME "guess"
#define PACKAGE_VERSION "1.0"
#define PACKAGE_STRING "guess 1.0"
#define PACKAGE_BUGREPORT "user@localhost"
#define PACKAGE_URL ""
#define PACKAGE "guess"
#define VERSION "1.0"
#define ENABLE_NLS 1
#define HAVE_GETTEXT 1
#define HAVE_DCGETTEXT 1

configure: exit 0
